\BOOKMARK [1][-]{section.1}{\376\377\000I\000n\000t\000r\000o\000d\000u\000c\000c\000i\000\363\000n\000\040\000y\000\040\000P\000r\000o\000p\000\363\000s\000i\000t\000o}{}% 1
\BOOKMARK [1][-]{section.2}{\376\377\000A\000l\000c\000a\000n\000c\000e}{}% 2
\BOOKMARK [1][-]{section.3}{\376\377\000D\000e\000f\000i\000n\000i\000c\000i\000o\000n\000e\000s}{}% 3
\BOOKMARK [2][-]{subsection.3.1}{\376\377\000\277\000Q\000u\000\351\000\040\000e\000s\000\040\000u\000n\000\040\000m\000o\000d\000e\000l\000o\000?}{section.3}% 4
\BOOKMARK [2][-]{subsection.3.2}{\376\377\000\277\000Q\000u\000\351\000\040\000s\000o\000n\000\040\000l\000a\000s\000\040\000m\000\351\000t\000r\000i\000c\000a\000s\000\040\000d\000e\000\040\000d\000e\000s\000e\000m\000p\000e\000\361\000o\000?}{section.3}% 5
\BOOKMARK [1][-]{section.4}{\376\377\000P\000r\000i\000n\000c\000i\000p\000i\000o\000s\000\040\000R\000e\000c\000t\000o\000r\000e\000s}{}% 6
\BOOKMARK [1][-]{section.5}{\376\377\000R\000o\000l\000e\000s\000\040\000y\000\040\000R\000e\000s\000p\000o\000n\000s\000a\000b\000i\000l\000i\000d\000a\000d\000e\000s}{}% 7
\BOOKMARK [1][-]{section.6}{\376\377\000C\000i\000c\000l\000o\000\040\000d\000e\000\040\000V\000i\000d\000a\000\040\000d\000e\000l\000\040\000M\000o\000d\000e\000l\000o}{}% 8
\BOOKMARK [2][-]{subsection.6.1}{\376\377\000J\000u\000s\000t\000i\000f\000i\000c\000a\000c\000i\000\363\000n}{section.6}% 9
\BOOKMARK [2][-]{subsection.6.2}{\376\377\000D\000e\000s\000a\000r\000r\000o\000l\000l\000o\000\040\000y\000\040\000D\000o\000c\000u\000m\000e\000n\000t\000a\000c\000i\000\363\000n\000\040\000T\000\351\000c\000n\000i\000c\000a}{section.6}% 10
\BOOKMARK [2][-]{subsection.6.3}{\376\377\000V\000a\000l\000i\000d\000a\000c\000i\000\363\000n\000\040\000I\000n\000d\000e\000p\000e\000n\000d\000i\000e\000n\000t\000e}{section.6}% 11
\BOOKMARK [2][-]{subsection.6.4}{\376\377\000A\000p\000r\000o\000b\000a\000c\000i\000\363\000n\000\040\000y\000\040\000R\000e\000g\000i\000s\000t\000r\000o}{section.6}% 12
\BOOKMARK [2][-]{subsection.6.5}{\376\377\000I\000m\000p\000l\000e\000m\000e\000n\000t\000a\000c\000i\000\363\000n\000\040\000y\000\040\000M\000o\000n\000i\000t\000o\000r\000e\000o}{section.6}% 13
\BOOKMARK [2][-]{subsection.6.6}{\376\377\000R\000e\000c\000a\000l\000i\000b\000r\000a\000c\000i\000\363\000n\000\040\000y\000\040\000R\000e\000t\000i\000r\000o}{section.6}% 14
\BOOKMARK [1][-]{section.7}{\376\377\000R\000e\000q\000u\000e\000r\000i\000m\000i\000e\000n\000t\000o\000s\000\040\000M\000\355\000n\000i\000m\000o\000s\000\040\000d\000e\000\040\000D\000o\000c\000u\000m\000e\000n\000t\000a\000c\000i\000\363\000n\000\040\000T\000\351\000c\000n\000i\000c\000a\000\040\000d\000e\000l\000\040\000M\000o\000d\000e\000l\000o}{}% 15
\BOOKMARK [2][-]{subsection.7.1}{\376\377\000F\000i\000c\000h\000a\000\040\000T\000\351\000c\000n\000i\000c\000a\000\040\000d\000e\000l\000\040\000M\000o\000d\000e\000l\000o}{section.7}% 16
\BOOKMARK [2][-]{subsection.7.2}{\376\377\000D\000e\000s\000c\000r\000i\000p\000c\000i\000\363\000n\000\040\000d\000e\000l\000\040\000D\000a\000t\000a\000s\000e\000t}{section.7}% 17
\BOOKMARK [2][-]{subsection.7.3}{\376\377\000F\000u\000n\000d\000a\000m\000e\000n\000t\000o\000s\000\040\000M\000e\000t\000o\000d\000o\000l\000\363\000g\000i\000c\000o\000\040\000y\000\040\000J\000u\000s\000t\000i\000f\000i\000c\000a\000c\000i\000\363\000n}{section.7}% 18
\BOOKMARK [2][-]{subsection.7.4}{\376\377\000E\000v\000a\000l\000u\000a\000c\000i\000\363\000n\000\040\000d\000e\000\040\000D\000e\000s\000e\000m\000p\000e\000\361\000o}{section.7}% 19
\BOOKMARK [2][-]{subsection.7.5}{\376\377\000E\000v\000i\000d\000e\000n\000c\000i\000a\000\040\000d\000e\000\040\000V\000a\000l\000i\000d\000a\000c\000i\000\363\000n\000\040\000I\000n\000d\000e\000p\000e\000n\000d\000i\000e\000n\000t\000e}{section.7}% 20
\BOOKMARK [1][-]{section.8}{\376\377\000A\000n\000e\000x\000o\000\040\000A\000:\000\040\000F\000i\000c\000h\000a\000\040\000T\000\351\000c\000n\000i\000c\000a\000\040\000d\000e\000l\000\040\000M\000o\000d\000e\000l\000o}{}% 21
\BOOKMARK [1][-]{section.9}{\376\377\000A\000n\000e\000x\000o\000\040\000B\000:\000\040\000M\000a\000t\000r\000i\000z\000\040\000d\000e\000\040\000R\000o\000l\000e\000s\000\040\000y\000\040\000R\000e\000s\000p\000o\000n\000s\000a\000b\000i\000l\000i\000d\000a\000d\000e\000s}{}% 22
\BOOKMARK [1][-]{section.10}{\376\377\000A\000n\000e\000x\000o\000\040\000C\000:\000\040\000C\000r\000i\000t\000e\000r\000i\000o\000s\000\040\000d\000e\000\040\000V\000a\000l\000i\000d\000a\000c\000i\000\363\000n\000\040\000T\000\351\000c\000n\000i\000c\000a}{}% 23
\BOOKMARK [1][-]{section.11}{\376\377\000E\000j\000e\000m\000p\000l\000o\000\040\000-\000\040\000F\000i\000c\000h\000a\000\040\000T\000\351\000c\000n\000i\000c\000a\000\040\000d\000e\000l\000\040\000M\000o\000d\000e\000l\000o}{}% 24
